<?xml version="1.0" encoding="UTF-8"?>
<testsuites>
  <testsuite time="5.615" tests="1" errors="0" failures="0" assertions="1" name="seccubus">
    <testcase class="QUnit.seccubus" name="seccubus testing works">
    </testcase>
  </testsuite>
  <testsuite time="0.277" tests="1" errors="0" failures="0" assertions="5" name="Model: Seccubus.Models.UpToDate">
    <testcase class="QUnit.Model: Seccubus.Models.UpToDate" name="findAll">
    </testcase>
  </testsuite>
  <testsuite time="0.278" tests="1" errors="0" failures="0" assertions="5" name="Model: Seccubus.Models.ConfigItem">
    <testcase class="QUnit.Model: Seccubus.Models.ConfigItem" name="findAll">
    </testcase>
  </testsuite>
  <testsuite time="1.43" tests="4" errors="0" failures="0" assertions="13" name="Model: Seccubus.Models.Workspace">
    <testcase class="QUnit.Model: Seccubus.Models.Workspace" name="findAll">
    </testcase>
    <testcase class="QUnit.Model: Seccubus.Models.Workspace" name="create">
    </testcase>
    <testcase class="QUnit.Model: Seccubus.Models.Workspace" name="update">
    </testcase>
    <testcase class="QUnit.Model: Seccubus.Models.Workspace" name="destroy">
    </testcase>
  </testsuite>
  <testsuite time="1.457" tests="4" errors="0" failures="0" assertions="15" name="Model: Seccubus.Models.Scan">
    <testcase class="QUnit.Model: Seccubus.Models.Scan" name="findAll">
    </testcase>
    <testcase class="QUnit.Model: Seccubus.Models.Scan" name="create">
    </testcase>
    <testcase class="QUnit.Model: Seccubus.Models.Scan" name="update">
    </testcase>
    <testcase class="QUnit.Model: Seccubus.Models.Scan" name="destroy">
    </testcase>
  </testsuite>
  <testsuite time="2.9" tests="4" errors="0" failures="0" assertions="20" name="Model: Seccubus.Models.Finding">
    <testcase class="QUnit.Model: Seccubus.Models.Finding" name="findAll with workspace">
    </testcase>
    <testcase class="QUnit.Model: Seccubus.Models.Finding" name="create">
    </testcase>
    <testcase class="QUnit.Model: Seccubus.Models.Finding" name="update">
    </testcase>
    <testcase class="QUnit.Model: Seccubus.Models.Finding" name="destroy">
    </testcase>
  </testsuite>
  <testsuite time="2.544" tests="8" errors="0" failures="0" assertions="27" name="Model: Seccubus.GuiState">
    <testcase class="QUnit.Model: Seccubus.GuiState" name="create default">
    </testcase>
    <testcase class="QUnit.Model: Seccubus.GuiState" name="create findStatus fraction">
    </testcase>
    <testcase class="QUnit.Model: Seccubus.GuiState" name="set findStatus fraction">
    </testcase>
    <testcase class="QUnit.Model: Seccubus.GuiState" name="set findStatus fraction too_low">
    </testcase>
    <testcase class="QUnit.Model: Seccubus.GuiState" name="create findStatus too_low">
    </testcase>
    <testcase class="QUnit.Model: Seccubus.GuiState" name="create findStatus too_high">
    </testcase>
    <testcase class="QUnit.Model: Seccubus.GuiState" name="create findStatus Ignore">
    </testcase>
    <testcase class="QUnit.Model: Seccubus.GuiState" name="is scans cleared">
    </testcase>
  </testsuite>
  <testsuite time="1.039" tests="3" errors="0" failures="0" assertions="7" name="Model: Seccubus.Scanner">
    <testcase class="QUnit.Model: Seccubus.Scanner" name="findAll">
    </testcase>
    <testcase class="QUnit.Model: Seccubus.Scanner" name="update">
    </testcase>
    <testcase class="QUnit.Model: Seccubus.Scanner" name="destroy">
    </testcase>
  </testsuite>
  <testsuite time="1.348" tests="4" errors="0" failures="0" assertions="10" name="Model: Seccubus.Models.History">
    <testcase class="QUnit.Model: Seccubus.Models.History" name="findAll">
    </testcase>
    <testcase class="QUnit.Model: Seccubus.Models.History" name="create">
    </testcase>
    <testcase class="QUnit.Model: Seccubus.Models.History" name="update">
    </testcase>
    <testcase class="QUnit.Model: Seccubus.Models.History" name="destroy">
    </testcase>
  </testsuite>
  <testsuite time="1.352" tests="4" errors="0" failures="0" assertions="10" name="Model: Seccubus.Models.Run">
    <testcase class="QUnit.Model: Seccubus.Models.Run" name="findAll">
    </testcase>
    <testcase class="QUnit.Model: Seccubus.Models.Run" name="create">
    </testcase>
    <testcase class="QUnit.Model: Seccubus.Models.Run" name="update">
    </testcase>
    <testcase class="QUnit.Model: Seccubus.Models.Run" name="destroy">
    </testcase>
  </testsuite>
  <testsuite time="1.373" tests="4" errors="0" failures="0" assertions="10" name="Model: Seccubus.Models.Event">
    <testcase class="QUnit.Model: Seccubus.Models.Event" name="findAll">
    </testcase>
    <testcase class="QUnit.Model: Seccubus.Models.Event" name="create">
    </testcase>
    <testcase class="QUnit.Model: Seccubus.Models.Event" name="update">
    </testcase>
    <testcase class="QUnit.Model: Seccubus.Models.Event" name="destroy">
    </testcase>
  </testsuite>
  <testsuite time="1.392" tests="4" errors="0" failures="0" assertions="10" name="Model: Seccubus.Models.Notification">
    <testcase class="QUnit.Model: Seccubus.Models.Notification" name="findAll">
    </testcase>
    <testcase class="QUnit.Model: Seccubus.Models.Notification" name="create">
    </testcase>
    <testcase class="QUnit.Model: Seccubus.Models.Notification" name="update">
    </testcase>
    <testcase class="QUnit.Model: Seccubus.Models.Notification" name="destroy">
    </testcase>
  </testsuite>
  <testsuite time="1.501" tests="4" errors="0" failures="0" assertions="19" name="Model: Seccubus.Models.Asset">
    <testcase class="QUnit.Model: Seccubus.Models.Asset" name="findAll">
    </testcase>
    <testcase class="QUnit.Model: Seccubus.Models.Asset" name="create">
    </testcase>
    <testcase class="QUnit.Model: Seccubus.Models.Asset" name="update">
    </testcase>
    <testcase class="QUnit.Model: Seccubus.Models.Asset" name="destroy">
    </testcase>
  </testsuite>
</testsuites>
